app/build/intermediates/manifest_merge_blame_file/debug/processDebugMainManifest/manifest-merger-blame-debug-report.txt
1<?xml version="1.0" encoding="utf-8"?>
2<manifest xmlns:android="http://schemas.android.com/apk/res/android"
3    package="com.dev.baseproject"
4    android:versionCode="1"
5    android:versionName="1.0.0" >
6
7    <uses-sdk
8        android:minSdkVersion="24"
9        android:targetSdkVersion="34" />
10
11    <uses-permission android:name="android.permission.INTERNET" />
11-->src\main\AndroidManifest.xml:7:5-67
11-->src\main\AndroidManifest.xml:7:22-64
12    <uses-permission android:name="android.permission.ACCESS_NETWORK_STATE" />
12-->src\main\AndroidManifest.xml:8:5-79
12-->src\main\AndroidManifest.xml:8:22-76
13    <uses-permission android:name="android.permission.ACCESS_WIFI_STATE" />
13-->src\main\AndroidManifest.xml:9:5-76
13-->src\main\AndroidManifest.xml:9:22-73
14    <uses-permission android:name="android.permission.CAMERA" />
14-->src\main\AndroidManifest.xml:10:5-65
14-->src\main\AndroidManifest.xml:10:22-62
15    <uses-permission android:name="android.permission.RECORD_AUDIO" />
15-->src\main\AndroidManifest.xml:11:5-71
15-->src\main\AndroidManifest.xml:11:22-68
16    <uses-permission android:name="android.permission.FOREGROUND_SERVICE" />
16-->src\main\AndroidManifest.xml:12:5-77
16-->src\main\AndroidManifest.xml:12:22-74
17    <uses-permission android:name="android.permission.WAKE_LOCK" />
17-->src\main\AndroidManifest.xml:13:5-68
17-->src\main\AndroidManifest.xml:13:22-65
18    <uses-permission android:name="android.permission.FLASHLIGHT" />
18-->src\main\AndroidManifest.xml:14:5-69
18-->src\main\AndroidManifest.xml:14:22-66
19    <uses-permission android:name="android.permission.VIBRATE" />
19-->src\main\AndroidManifest.xml:15:5-66
19-->src\main\AndroidManifest.xml:15:22-63
20    <uses-permission android:name="android.permission.DISABLE_KEYGUARD" />
20-->src\main\AndroidManifest.xml:16:5-75
20-->src\main\AndroidManifest.xml:16:22-72
21
22    <uses-feature android:name="android.hardware.camera" />
22-->src\main\AndroidManifest.xml:18:5-60
22-->src\main\AndroidManifest.xml:18:19-57
23    <uses-feature android:name="android.hardware.camera.flash" />
23-->src\main\AndroidManifest.xml:19:5-66
23-->src\main\AndroidManifest.xml:19:19-63
24    <uses-feature
24-->src\main\AndroidManifest.xml:20:5-22:36
25        android:name="android.hardware.sensor.accelerometer"
25-->src\main\AndroidManifest.xml:21:9-61
26        android:required="false" />
26-->src\main\AndroidManifest.xml:22:9-33
27
28    <uses-permission android:name="android.hardware.sensor.proximity" />
28-->src\main\AndroidManifest.xml:23:5-72
28-->src\main\AndroidManifest.xml:23:22-70
29    <uses-permission android:name="android.permission.REQUEST_IGNORE_BATTERY_OPTIMIZATIONS" />
29-->src\main\AndroidManifest.xml:25:5-95
29-->src\main\AndroidManifest.xml:25:22-92
30    <uses-permission android:name="android.permission.SYSTEM_ALERT_WINDOW" />
30-->src\main\AndroidManifest.xml:26:5-78
30-->src\main\AndroidManifest.xml:26:22-75
31    <uses-permission android:name="android.permission.RECEIVE_BOOT_COMPLETED" />
31-->src\main\AndroidManifest.xml:27:5-81
31-->src\main\AndroidManifest.xml:27:22-78
32    <uses-permission android:name="android.permission.ACCESS_FINE_LOCATION" />
32-->src\main\AndroidManifest.xml:28:5-78
32-->src\main\AndroidManifest.xml:28:22-76
33    <uses-permission android:name="android.permission.ACCESS_COARSE_LOCATION" />
33-->src\main\AndroidManifest.xml:29:5-80
33-->src\main\AndroidManifest.xml:29:22-78
34    <uses-permission android:name="oppo.permission.OPPO_COMPONENT_SAFE" />
34-->src\main\AndroidManifest.xml:30:5-75
34-->src\main\AndroidManifest.xml:30:22-72
35    <uses-permission android:name="com.huawei.permission.external_app_settings.USE_COMPONENT" />
35-->src\main\AndroidManifest.xml:31:5-97
35-->src\main\AndroidManifest.xml:31:22-94
36    <uses-permission android:name="android.permission.FOREGROUND_SERVICE_MICROPHONE" />
36-->src\main\AndroidManifest.xml:32:5-88
36-->src\main\AndroidManifest.xml:32:22-85
37    <uses-permission android:name="android.permission.FOREGROUND_SERVICE_SPECIAL_USE" />
37-->src\main\AndroidManifest.xml:33:5-89
37-->src\main\AndroidManifest.xml:33:22-86
38    <uses-permission android:name="android.permission.POST_NOTIFICATIONS" />
38-->src\main\AndroidManifest.xml:34:5-77
38-->src\main\AndroidManifest.xml:34:22-74
39    <uses-permission android:name="com.google.android.gms.permission.AD_ID" />
39-->src\main\AndroidManifest.xml:35:5-79
39-->src\main\AndroidManifest.xml:35:22-76
40    <uses-permission android:name="android.permission.ACCESS_ADSERVICES_AD_ID" />
40-->src\main\AndroidManifest.xml:36:5-82
40-->src\main\AndroidManifest.xml:36:22-79
41    <uses-permission android:name="android.permission.ACCESS_ADSERVICES_ATTRIBUTION" />
41-->src\main\AndroidManifest.xml:37:5-88
41-->src\main\AndroidManifest.xml:37:22-85
42    <uses-permission android:name="android.permission.ACCESS_ADSERVICES_TOPICS" />
42-->src\main\AndroidManifest.xml:38:5-83
42-->src\main\AndroidManifest.xml:38:22-80
43
44    <queries>
44-->src\main\AndroidManifest.xml:40:5-51:15
45        <intent>
45-->src\main\AndroidManifest.xml:41:9-47:18
46            <action android:name="android.intent.action.VIEW" />
46-->src\main\AndroidManifest.xml:42:13-65
46-->src\main\AndroidManifest.xml:42:21-62
47
48            <category android:name="android.intent.category.BROWSABLE" />
48-->src\main\AndroidManifest.xml:44:13-74
48-->src\main\AndroidManifest.xml:44:23-71
49
50            <data android:scheme="https" />
50-->src\main\AndroidManifest.xml:46:13-44
50-->src\main\AndroidManifest.xml:46:19-41
51        </intent>
52        <intent>
52-->src\main\AndroidManifest.xml:48:9-50:18
53            <action android:name="android.support.customtabs.action.CustomTabsService" />
53-->src\main\AndroidManifest.xml:49:13-90
53-->src\main\AndroidManifest.xml:49:21-87
54        </intent>
55        <!-- End of CustomTabsService -->
56        <!-- For MRAID capabilities -->
57        <intent>
57-->[com.google.android.gms:play-services-ads-lite:23.4.0] AndroidManifest.xml:52:9-56:18
58            <action android:name="android.intent.action.INSERT" />
58-->[com.google.android.gms:play-services-ads-lite:23.4.0] AndroidManifest.xml:53:13-67
58-->[com.google.android.gms:play-services-ads-lite:23.4.0] AndroidManifest.xml:53:21-64
59
60            <data android:mimeType="vnd.android.cursor.dir/event" />
60-->src\main\AndroidManifest.xml:46:13-44
61        </intent>
62        <intent>
62-->[com.google.android.gms:play-services-ads-lite:23.4.0] AndroidManifest.xml:57:9-61:18
63            <action android:name="android.intent.action.VIEW" />
63-->src\main\AndroidManifest.xml:42:13-65
63-->src\main\AndroidManifest.xml:42:21-62
64
65            <data android:scheme="sms" />
65-->src\main\AndroidManifest.xml:46:13-44
65-->src\main\AndroidManifest.xml:46:19-41
66        </intent>
67        <intent>
67-->[com.google.android.gms:play-services-ads-lite:23.4.0] AndroidManifest.xml:62:9-66:18
68            <action android:name="android.intent.action.DIAL" />
68-->[com.google.android.gms:play-services-ads-lite:23.4.0] AndroidManifest.xml:63:13-65
68-->[com.google.android.gms:play-services-ads-lite:23.4.0] AndroidManifest.xml:63:21-62
69
70            <data android:path="tel:" />
70-->src\main\AndroidManifest.xml:46:13-44
71        </intent>
72
73        <package android:name="com.facebook.katana" />
73-->[com.facebook.android:audience-network-sdk:6.18.0] AndroidManifest.xml:12:9-55
73-->[com.facebook.android:audience-network-sdk:6.18.0] AndroidManifest.xml:12:18-52
74
75        <intent>
75-->[com.android.billingclient:billing:7.1.1] AndroidManifest.xml:13:9-15:18
76            <action android:name="com.android.vending.billing.InAppBillingService.BIND" />
76-->[com.android.billingclient:billing:7.1.1] AndroidManifest.xml:14:13-91
76-->[com.android.billingclient:billing:7.1.1] AndroidManifest.xml:14:21-88
77        </intent>
78        <intent>
78-->[com.android.billingclient:billing:7.1.1] AndroidManifest.xml:16:9-18:18
79            <action android:name="com.google.android.apps.play.billingtestcompanion.BillingOverrideService.BIND" />
79-->[com.android.billingclient:billing:7.1.1] AndroidManifest.xml:17:13-116
79-->[com.android.billingclient:billing:7.1.1] AndroidManifest.xml:17:21-113
80        </intent>
81        <intent>
81-->[com.applovin:applovin-sdk:13.0.0] AndroidManifest.xml:8:9-10:18
82            <action android:name="com.applovin.am.intent.action.APPHUB_SERVICE" />
82-->[com.applovin:applovin-sdk:13.0.0] AndroidManifest.xml:9:13-83
82-->[com.applovin:applovin-sdk:13.0.0] AndroidManifest.xml:9:21-80
83        </intent>
84        <intent>
84-->[com.mbridge.msdk.oversea:same:16.8.61] AndroidManifest.xml:14:9-16:18
85            <action android:name="android.intent.action.MAIN" />
85-->src\main\AndroidManifest.xml:82:17-69
85-->src\main\AndroidManifest.xml:82:25-66
86        </intent>
87        <intent>
87-->[com.mbridge.msdk.oversea:same:16.8.61] AndroidManifest.xml:17:9-19:18
88            <action android:name="android.intent.action.VIEW" />
88-->src\main\AndroidManifest.xml:42:13-65
88-->src\main\AndroidManifest.xml:42:21-62
89        </intent>
90    </queries>
91
92    <uses-permission android:name="com.google.android.finsky.permission.BIND_GET_INSTALL_REFERRER_SERVICE" /> <!-- <permission android:name="com.dev.baseproject.DYNAMIC_RECEIVER_NOT_EXPORTED_PERMISSION" android:protectionLevel="signature"/> -->
92-->src\main\AndroidManifest.xml:53:5-110
92-->src\main\AndroidManifest.xml:53:22-107
93    <uses-permission android:name="com.dev.baseproject.DYNAMIC_RECEIVER_NOT_EXPORTED_PERMISSION" />
93-->src\main\AndroidManifest.xml:54:5-100
93-->src\main\AndroidManifest.xml:54:22-97
94
95    <!-- Required by older versions of Google Play services to create IID tokens -->
96    <uses-permission android:name="com.google.android.c2dm.permission.RECEIVE" />
96-->[com.google.firebase:firebase-iid:20.1.5] AndroidManifest.xml:26:5-82
96-->[com.google.firebase:firebase-iid:20.1.5] AndroidManifest.xml:26:22-79
97    <uses-permission android:name="com.android.vending.BILLING" />
97-->[com.android.billingclient:billing-ktx:7.1.1] AndroidManifest.xml:9:5-67
97-->[com.android.billingclient:billing-ktx:7.1.1] AndroidManifest.xml:9:22-64
98    <uses-permission android:name="com.applovin.array.apphub.permission.BIND_APPHUB_SERVICE" />
98-->[com.applovin:applovin-sdk:13.0.0] AndroidManifest.xml:19:5-96
98-->[com.applovin:applovin-sdk:13.0.0] AndroidManifest.xml:19:22-93
99
100    <permission
100-->[androidx.core:core:1.13.1] AndroidManifest.xml:22:5-24:47
101        android:name="com.dev.baseproject.DYNAMIC_RECEIVER_NOT_EXPORTED_PERMISSION"
101-->[androidx.core:core:1.13.1] AndroidManifest.xml:23:9-81
102        android:protectionLevel="signature" />
102-->[androidx.core:core:1.13.1] AndroidManifest.xml:24:9-44
103
104    <application
104-->src\main\AndroidManifest.xml:56:5-124:19
105        android:name="com.dev.baseproject.App"
105-->src\main\AndroidManifest.xml:57:9-28
106        android:appComponentFactory="androidx.core.app.CoreComponentFactory"
106-->[androidx.core:core:1.13.1] AndroidManifest.xml:28:18-86
107        android:debuggable="true"
108        android:extractNativeLibs="false"
109        android:hardwareAccelerated="true"
109-->src\main\AndroidManifest.xml:58:9-43
110        android:icon="@mipmap/ic_launcher_round"
110-->src\main\AndroidManifest.xml:59:9-49
111        android:label="@string/app_name"
111-->src\main\AndroidManifest.xml:60:9-41
112        android:largeHeap="true"
112-->src\main\AndroidManifest.xml:61:9-33
113        android:networkSecurityConfig="@xml/network_security_config"
113-->src\main\AndroidManifest.xml:62:9-69
114        android:requestLegacyExternalStorage="true"
114-->src\main\AndroidManifest.xml:63:9-52
115        android:roundIcon="@mipmap/ic_launcher"
115-->src\main\AndroidManifest.xml:64:9-48
116        android:supportsRtl="true"
116-->[com.tbuonomo:dotsindicator:5.0] AndroidManifest.xml:7:18-44
117        android:testOnly="true"
118        android:theme="@style/AppTheme.NoActionBar" >
118-->src\main\AndroidManifest.xml:65:9-52
119        <property
119-->src\main\AndroidManifest.xml:66:9-69:48
120            android:name="android.adservices.AD_SERVICES_CONFIG"
120-->src\main\AndroidManifest.xml:67:13-65
121            android:resource="@xml/ga_ad_services_config" />
121-->src\main\AndroidManifest.xml:68:13-58
122
123        <activity
123-->src\main\AndroidManifest.xml:71:9-86:20
124            android:name="com.dev.baseproject.ui.MainActivity"
124-->src\main\AndroidManifest.xml:72:13-44
125            android:configChanges="density|keyboard|screenSize|orientation|uiMode|layoutDirection|locale"
125-->src\main\AndroidManifest.xml:73:13-106
126            android:exported="true"
126-->src\main\AndroidManifest.xml:74:13-36
127            android:hardwareAccelerated="true"
127-->src\main\AndroidManifest.xml:75:13-47
128            android:requestLegacyExternalStorage="true"
128-->src\main\AndroidManifest.xml:76:13-56
129            android:screenOrientation="portrait"
129-->src\main\AndroidManifest.xml:77:13-49
130            android:supportsRtl="true"
130-->src\main\AndroidManifest.xml:78:13-39
131            android:theme="@style/AppTheme.NoActionBar"
131-->src\main\AndroidManifest.xml:79:13-56
132            android:windowSoftInputMode="adjustPan|adjustResize" >
132-->src\main\AndroidManifest.xml:80:13-65
133            <intent-filter>
133-->src\main\AndroidManifest.xml:81:13-85:29
134                <action android:name="android.intent.action.MAIN" />
134-->src\main\AndroidManifest.xml:82:17-69
134-->src\main\AndroidManifest.xml:82:25-66
135
136                <category android:name="android.intent.category.LAUNCHER" />
136-->src\main\AndroidManifest.xml:84:17-77
136-->src\main\AndroidManifest.xml:84:27-74
137            </intent-filter>
138        </activity>
139        <activity
139-->src\main\AndroidManifest.xml:87:9-92:52
140            android:name="com.dev.baseproject.ui.component.findphone.PhoneFoundActivity"
140-->src\main\AndroidManifest.xml:88:13-70
141            android:configChanges="density|keyboard|screenSize|orientation|uiMode|layoutDirection|locale"
141-->src\main\AndroidManifest.xml:89:13-106
142            android:exported="true"
142-->src\main\AndroidManifest.xml:90:13-36
143            android:launchMode="singleTop"
143-->src\main\AndroidManifest.xml:91:13-43
144            android:screenOrientation="portrait" />
144-->src\main\AndroidManifest.xml:92:13-49
145
146        <meta-data
146-->src\main\AndroidManifest.xml:94:9-96:70
147            android:name="com.google.android.gms.ads.APPLICATION_ID"
147-->src\main\AndroidManifest.xml:95:13-69
148            android:value="ca-app-pub-3940256099942544~3347511713" />
148-->src\main\AndroidManifest.xml:96:13-67
149
150        <service
150-->src\main\AndroidManifest.xml:98:9-102:58
151            android:name="com.dev.baseproject.services.ClapDetectionService"
151-->src\main\AndroidManifest.xml:99:13-58
152            android:enabled="true"
152-->src\main\AndroidManifest.xml:100:13-35
153            android:exported="false"
153-->src\main\AndroidManifest.xml:101:13-37
154            android:foregroundServiceType="microphone" />
154-->src\main\AndroidManifest.xml:102:13-55
155        <service
155-->src\main\AndroidManifest.xml:103:9-112:19
156            android:name="com.dev.baseproject.services.MotionDetectionService"
156-->src\main\AndroidManifest.xml:104:13-60
157            android:configChanges="orientation"
157-->src\main\AndroidManifest.xml:108:13-48
158            android:enabled="true"
158-->src\main\AndroidManifest.xml:106:13-35
159            android:exported="false"
159-->src\main\AndroidManifest.xml:107:13-37
160            android:foregroundServiceType="specialUse"
160-->src\main\AndroidManifest.xml:110:13-55
161            android:label="@string/app_name"
161-->src\main\AndroidManifest.xml:105:13-45
162            android:permission="android.permission.BIND_JOB_SERVICE"
162-->src\main\AndroidManifest.xml:111:13-69
163            android:requestLegacyExternalStorage="true" >
163-->src\main\AndroidManifest.xml:109:13-56
164        </service>
165        <service
165-->src\main\AndroidManifest.xml:113:9-117:58
166            android:name="com.dev.baseproject.services.VoiceDetectionService"
166-->src\main\AndroidManifest.xml:114:13-59
167            android:enabled="true"
167-->src\main\AndroidManifest.xml:115:13-35
168            android:exported="false"
168-->src\main\AndroidManifest.xml:116:13-37
169            android:foregroundServiceType="microphone" />
169-->src\main\AndroidManifest.xml:117:13-55
170        <service
170-->src\main\AndroidManifest.xml:118:9-122:58
171            android:name="com.dev.baseproject.services.PocketDetectionService"
171-->src\main\AndroidManifest.xml:119:13-60
172            android:enabled="true"
172-->src\main\AndroidManifest.xml:120:13-35
173            android:exported="false"
173-->src\main\AndroidManifest.xml:121:13-37
174            android:foregroundServiceType="specialUse" />
174-->src\main\AndroidManifest.xml:122:13-55
175
176        <activity
176-->[com.unity3d.ads:unity-ads:4.12.3] AndroidManifest.xml:15:9-20:74
177            android:name="com.unity3d.services.ads.adunit.AdUnitActivity"
177-->[com.unity3d.ads:unity-ads:4.12.3] AndroidManifest.xml:16:13-74
178            android:configChanges="fontScale|keyboard|keyboardHidden|locale|mnc|mcc|navigation|orientation|screenLayout|screenSize|smallestScreenSize|uiMode|touchscreen"
178-->[com.unity3d.ads:unity-ads:4.12.3] AndroidManifest.xml:17:13-170
179            android:exported="false"
179-->[com.unity3d.ads:unity-ads:4.12.3] AndroidManifest.xml:18:13-37
180            android:hardwareAccelerated="true"
180-->[com.unity3d.ads:unity-ads:4.12.3] AndroidManifest.xml:19:13-47
181            android:theme="@android:style/Theme.NoTitleBar.Fullscreen" />
181-->[com.unity3d.ads:unity-ads:4.12.3] AndroidManifest.xml:20:13-71
182        <activity
182-->[com.unity3d.ads:unity-ads:4.12.3] AndroidManifest.xml:21:9-26:86
183            android:name="com.unity3d.services.ads.adunit.AdUnitTransparentActivity"
183-->[com.unity3d.ads:unity-ads:4.12.3] AndroidManifest.xml:22:13-85
184            android:configChanges="fontScale|keyboard|keyboardHidden|locale|mnc|mcc|navigation|orientation|screenLayout|screenSize|smallestScreenSize|uiMode|touchscreen"
184-->[com.unity3d.ads:unity-ads:4.12.3] AndroidManifest.xml:23:13-170
185            android:exported="false"
185-->[com.unity3d.ads:unity-ads:4.12.3] AndroidManifest.xml:24:13-37
186            android:hardwareAccelerated="true"
186-->[com.unity3d.ads:unity-ads:4.12.3] AndroidManifest.xml:25:13-47
187            android:theme="@android:style/Theme.Translucent.NoTitleBar.Fullscreen" />
187-->[com.unity3d.ads:unity-ads:4.12.3] AndroidManifest.xml:26:13-83
188        <activity
188-->[com.unity3d.ads:unity-ads:4.12.3] AndroidManifest.xml:27:9-32:86
189            android:name="com.unity3d.services.ads.adunit.AdUnitTransparentSoftwareActivity"
189-->[com.unity3d.ads:unity-ads:4.12.3] AndroidManifest.xml:28:13-93
190            android:configChanges="fontScale|keyboard|keyboardHidden|locale|mnc|mcc|navigation|orientation|screenLayout|screenSize|smallestScreenSize|uiMode|touchscreen"
190-->[com.unity3d.ads:unity-ads:4.12.3] AndroidManifest.xml:29:13-170
191            android:exported="false"
191-->[com.unity3d.ads:unity-ads:4.12.3] AndroidManifest.xml:30:13-37
192            android:hardwareAccelerated="false"
192-->[com.unity3d.ads:unity-ads:4.12.3] AndroidManifest.xml:31:13-48
193            android:theme="@android:style/Theme.Translucent.NoTitleBar.Fullscreen" />
193-->[com.unity3d.ads:unity-ads:4.12.3] AndroidManifest.xml:32:13-83
194        <activity
194-->[com.unity3d.ads:unity-ads:4.12.3] AndroidManifest.xml:33:9-38:74
195            android:name="com.unity3d.services.ads.adunit.AdUnitSoftwareActivity"
195-->[com.unity3d.ads:unity-ads:4.12.3] AndroidManifest.xml:34:13-82
196            android:configChanges="fontScale|keyboard|keyboardHidden|locale|mnc|mcc|navigation|orientation|screenLayout|screenSize|smallestScreenSize|uiMode|touchscreen"
196-->[com.unity3d.ads:unity-ads:4.12.3] AndroidManifest.xml:35:13-170
197            android:exported="false"
197-->[com.unity3d.ads:unity-ads:4.12.3] AndroidManifest.xml:36:13-37
198            android:hardwareAccelerated="false"
198-->[com.unity3d.ads:unity-ads:4.12.3] AndroidManifest.xml:37:13-48
199            android:theme="@android:style/Theme.NoTitleBar.Fullscreen" />
199-->[com.unity3d.ads:unity-ads:4.12.3] AndroidManifest.xml:38:13-71
200        <activity
200-->[com.unity3d.ads:unity-ads:4.12.3] AndroidManifest.xml:39:9-44:74
201            android:name="com.unity3d.ads.adplayer.FullScreenWebViewDisplay"
201-->[com.unity3d.ads:unity-ads:4.12.3] AndroidManifest.xml:40:13-77
202            android:configChanges="fontScale|keyboard|keyboardHidden|locale|mnc|mcc|navigation|orientation|screenLayout|screenSize|smallestScreenSize|uiMode|touchscreen"
202-->[com.unity3d.ads:unity-ads:4.12.3] AndroidManifest.xml:41:13-170
203            android:exported="false"
203-->[com.unity3d.ads:unity-ads:4.12.3] AndroidManifest.xml:42:13-37
204            android:hardwareAccelerated="true"
204-->[com.unity3d.ads:unity-ads:4.12.3] AndroidManifest.xml:43:13-47
205            android:theme="@android:style/Theme.NoTitleBar.Fullscreen" />
205-->[com.unity3d.ads:unity-ads:4.12.3] AndroidManifest.xml:44:13-71
206
207        <provider
207-->[com.unity3d.ads:unity-ads:4.12.3] AndroidManifest.xml:46:9-56:20
208            android:name="androidx.startup.InitializationProvider"
208-->[com.unity3d.ads:unity-ads:4.12.3] AndroidManifest.xml:47:13-67
209            android:authorities="com.dev.baseproject.androidx-startup"
209-->[com.unity3d.ads:unity-ads:4.12.3] AndroidManifest.xml:48:13-68
210            android:exported="false" >
210-->[androidx.emoji2:emoji2:1.3.0] AndroidManifest.xml:27:13-37
211            <meta-data
211-->[com.unity3d.ads:unity-ads:4.12.3] AndroidManifest.xml:50:13-52:52
212                android:name="androidx.lifecycle.ProcessLifecycleInitializer"
212-->[com.unity3d.ads:unity-ads:4.12.3] AndroidManifest.xml:51:17-78
213                android:value="androidx.startup" />
213-->[com.unity3d.ads:unity-ads:4.12.3] AndroidManifest.xml:52:17-49
214            <meta-data
214-->[com.unity3d.ads:unity-ads:4.12.3] AndroidManifest.xml:53:13-55:52
215                android:name="com.unity3d.services.core.configuration.AdsSdkInitializer"
215-->[com.unity3d.ads:unity-ads:4.12.3] AndroidManifest.xml:54:17-89
216                android:value="androidx.startup" />
216-->[com.unity3d.ads:unity-ads:4.12.3] AndroidManifest.xml:55:17-49
217            <meta-data
217-->[androidx.emoji2:emoji2:1.3.0] AndroidManifest.xml:29:13-31:52
218                android:name="androidx.emoji2.text.EmojiCompatInitializer"
218-->[androidx.emoji2:emoji2:1.3.0] AndroidManifest.xml:30:17-75
219                android:value="androidx.startup" />
219-->[androidx.emoji2:emoji2:1.3.0] AndroidManifest.xml:31:17-49
220            <meta-data
220-->[androidx.work:work-runtime:2.9.1] AndroidManifest.xml:34:13-36:52
221                android:name="androidx.work.WorkManagerInitializer"
221-->[androidx.work:work-runtime:2.9.1] AndroidManifest.xml:35:17-68
222                android:value="androidx.startup" />
222-->[androidx.work:work-runtime:2.9.1] AndroidManifest.xml:36:17-49
223            <meta-data
223-->[androidx.profileinstaller:profileinstaller:1.3.1] AndroidManifest.xml:29:13-31:52
224                android:name="androidx.profileinstaller.ProfileInstallerInitializer"
224-->[androidx.profileinstaller:profileinstaller:1.3.1] AndroidManifest.xml:30:17-85
225                android:value="androidx.startup" />
225-->[androidx.profileinstaller:profileinstaller:1.3.1] AndroidManifest.xml:31:17-49
226        </provider>
227
228        <service
228-->[com.google.firebase:firebase-ml-vision:24.0.3] AndroidManifest.xml:9:9-15:19
229            android:name="com.google.firebase.components.ComponentDiscoveryService"
229-->[com.google.firebase:firebase-ml-vision:24.0.3] AndroidManifest.xml:10:13-84
230            android:directBootAware="true"
230-->[com.google.firebase:firebase-common:21.0.0] AndroidManifest.xml:32:13-43
231            android:exported="false" >
231-->[com.google.firebase:firebase-ml-vision:24.0.3] AndroidManifest.xml:11:13-37
232            <meta-data
232-->[com.google.firebase:firebase-ml-vision:24.0.3] AndroidManifest.xml:12:13-14:85
233                android:name="com.google.firebase.components:com.google.firebase.ml.vision.VisionRegistrar"
233-->[com.google.firebase:firebase-ml-vision:24.0.3] AndroidManifest.xml:13:17-108
234                android:value="com.google.firebase.components.ComponentRegistrar" />
234-->[com.google.firebase:firebase-ml-vision:24.0.3] AndroidManifest.xml:14:17-82
235            <meta-data
235-->[com.google.firebase:firebase-ml-common:22.1.1] AndroidManifest.xml:11:13-13:85
236                android:name="com.google.firebase.components:com.google.firebase.ml.common.CommonComponentRegistrar"
236-->[com.google.firebase:firebase-ml-common:22.1.1] AndroidManifest.xml:12:17-117
237                android:value="com.google.firebase.components.ComponentRegistrar" />
237-->[com.google.firebase:firebase-ml-common:22.1.1] AndroidManifest.xml:13:17-82
238            <meta-data
238-->[com.google.firebase:firebase-config-ktx:22.0.1] AndroidManifest.xml:12:13-14:85
239                android:name="com.google.firebase.components:com.google.firebase.remoteconfig.ktx.FirebaseConfigLegacyRegistrar"
239-->[com.google.firebase:firebase-config-ktx:22.0.1] AndroidManifest.xml:13:17-129
240                android:value="com.google.firebase.components.ComponentRegistrar" />
240-->[com.google.firebase:firebase-config-ktx:22.0.1] AndroidManifest.xml:14:17-82
241            <meta-data
241-->[com.google.firebase:firebase-crashlytics-ktx:19.2.1] AndroidManifest.xml:24:13-26:85
242                android:name="com.google.firebase.components:com.google.firebase.crashlytics.ktx.FirebaseCrashlyticsKtxRegistrar"
242-->[com.google.firebase:firebase-crashlytics-ktx:19.2.1] AndroidManifest.xml:25:17-130
243                android:value="com.google.firebase.components.ComponentRegistrar" />
243-->[com.google.firebase:firebase-crashlytics-ktx:19.2.1] AndroidManifest.xml:26:17-82
244            <meta-data
244-->[com.google.firebase:firebase-analytics-ktx:22.1.2] AndroidManifest.xml:11:13-13:85
245                android:name="com.google.firebase.components:com.google.firebase.analytics.ktx.FirebaseAnalyticsLegacyRegistrar"
245-->[com.google.firebase:firebase-analytics-ktx:22.1.2] AndroidManifest.xml:12:17-129
246                android:value="com.google.firebase.components.ComponentRegistrar" />
246-->[com.google.firebase:firebase-analytics-ktx:22.1.2] AndroidManifest.xml:13:17-82
247            <meta-data
247-->[com.google.firebase:firebase-config:22.0.1] AndroidManifest.xml:29:13-31:85
248                android:name="com.google.firebase.components:com.google.firebase.remoteconfig.FirebaseRemoteConfigKtxRegistrar"
248-->[com.google.firebase:firebase-config:22.0.1] AndroidManifest.xml:30:17-128
249                android:value="com.google.firebase.components.ComponentRegistrar" />
249-->[com.google.firebase:firebase-config:22.0.1] AndroidManifest.xml:31:17-82
250            <meta-data
250-->[com.google.firebase:firebase-config:22.0.1] AndroidManifest.xml:32:13-34:85
251                android:name="com.google.firebase.components:com.google.firebase.remoteconfig.RemoteConfigRegistrar"
251-->[com.google.firebase:firebase-config:22.0.1] AndroidManifest.xml:33:17-117
252                android:value="com.google.firebase.components.ComponentRegistrar" />
252-->[com.google.firebase:firebase-config:22.0.1] AndroidManifest.xml:34:17-82
253            <meta-data
253-->[com.google.firebase:firebase-crashlytics:19.2.1] AndroidManifest.xml:15:13-17:85
254                android:name="com.google.firebase.components:com.google.firebase.crashlytics.FirebaseCrashlyticsKtxRegistrar"
254-->[com.google.firebase:firebase-crashlytics:19.2.1] AndroidManifest.xml:16:17-126
255                android:value="com.google.firebase.components.ComponentRegistrar" />
255-->[com.google.firebase:firebase-crashlytics:19.2.1] AndroidManifest.xml:17:17-82
256            <meta-data
256-->[com.google.firebase:firebase-crashlytics:19.2.1] AndroidManifest.xml:18:13-20:85
257                android:name="com.google.firebase.components:com.google.firebase.crashlytics.CrashlyticsRegistrar"
257-->[com.google.firebase:firebase-crashlytics:19.2.1] AndroidManifest.xml:19:17-115
258                android:value="com.google.firebase.components.ComponentRegistrar" />
258-->[com.google.firebase:firebase-crashlytics:19.2.1] AndroidManifest.xml:20:17-82
259            <meta-data
259-->[com.google.firebase:firebase-iid:20.1.5] AndroidManifest.xml:32:13-34:85
260                android:name="com.google.firebase.components:com.google.firebase.iid.Registrar"
260-->[com.google.firebase:firebase-iid:20.1.5] AndroidManifest.xml:33:17-96
261                android:value="com.google.firebase.components.ComponentRegistrar" />
261-->[com.google.firebase:firebase-iid:20.1.5] AndroidManifest.xml:34:17-82
262            <meta-data
262-->[com.google.android.gms:play-services-measurement-api:22.1.2] AndroidManifest.xml:37:13-39:85
263                android:name="com.google.firebase.components:com.google.firebase.analytics.connector.internal.AnalyticsConnectorRegistrar"
263-->[com.google.android.gms:play-services-measurement-api:22.1.2] AndroidManifest.xml:38:17-139
264                android:value="com.google.firebase.components.ComponentRegistrar" />
264-->[com.google.android.gms:play-services-measurement-api:22.1.2] AndroidManifest.xml:39:17-82
265            <meta-data